[1.096s] DEBUG:colcon:Command line arguments: ['/usr/bin/colcon', 'build', '--packages-select', 'iii_drone_interfaces']
[1.096s] DEBUG:colcon:Parsed command line arguments: Namespace(log_base=None, log_level=None, verb_name='build', build_base='build', install_base='install', merge_install=False, symlink_install=False, test_result_base=None, continue_on_error=False, executor='parallel', parallel_workers=32, event_handlers=None, ignore_user_meta=False, metas=['./colcon.meta'], base_paths=['.'], packages_ignore=None, packages_ignore_regex=None, paths=None, packages_up_to=None, packages_up_to_regex=None, packages_above=None, packages_above_and_dependencies=None, packages_above_depth=None, packages_select_by_dep=None, packages_skip_by_dep=None, packages_skip_up_to=None, packages_select_build_failed=False, packages_skip_build_finished=False, packages_select_test_failures=False, packages_skip_test_passed=False, packages_select=['iii_drone_interfaces'], packages_skip=None, packages_select_regex=None, packages_skip_regex=None, packages_start=None, packages_end=None, allow_overriding=[], cmake_args=None, cmake_target=None, cmake_target_skip_unavailable=False, cmake_clean_cache=False, cmake_clean_first=False, cmake_force_configure=False, ament_cmake_args=None, catkin_cmake_args=None, catkin_skip_building_tests=False, mixin_files=None, mixin=None, verb_parser=<colcon_mixin.mixin.mixin_argument.MixinArgumentDecorator object at 0x76587ea9ad40>, verb_extension=<colcon_core.verb.build.BuildVerb object at 0x76587ea9b700>, main=<bound method BuildVerb.main of <colcon_core.verb.build.BuildVerb object at 0x76587ea9b700>>, mixin_verb=('build',))
[1.140s] Level 1:colcon.colcon_core.package_discovery:discover_packages(colcon_meta) check parameters
[1.140s] Level 1:colcon.colcon_core.package_discovery:discover_packages(recursive) check parameters
[1.140s] Level 1:colcon.colcon_core.package_discovery:discover_packages(ignore) check parameters
[1.140s] Level 1:colcon.colcon_core.package_discovery:discover_packages(path) check parameters
[1.140s] Level 1:colcon.colcon_core.package_discovery:discover_packages(colcon_meta) discover
[1.140s] Level 1:colcon.colcon_core.package_discovery:discover_packages(recursive) discover
[1.140s] INFO:colcon.colcon_core.package_discovery:Crawling recursively for packages in '/home/ffn/Workspace/ros2_humble_ws/src/III-Drone-Core/include'
[1.140s] Level 1:colcon.colcon_core.package_identification:_identify(.) by extensions ['ignore', 'ignore_ament_install']
[1.140s] Level 1:colcon.colcon_core.package_identification:_identify(.) by extension 'ignore'
[1.140s] Level 1:colcon.colcon_core.package_identification:_identify(.) by extension 'ignore_ament_install'
[1.140s] Level 1:colcon.colcon_core.package_identification:_identify(.) by extensions ['colcon_pkg']
[1.140s] Level 1:colcon.colcon_core.package_identification:_identify(.) by extension 'colcon_pkg'
[1.140s] Level 1:colcon.colcon_core.package_identification:_identify(.) by extensions ['colcon_meta']
[1.140s] Level 1:colcon.colcon_core.package_identification:_identify(.) by extension 'colcon_meta'
[1.140s] Level 1:colcon.colcon_core.package_identification:_identify(.) by extensions ['ros']
[1.140s] Level 1:colcon.colcon_core.package_identification:_identify(.) by extension 'ros'
[1.148s] Level 1:colcon.colcon_core.package_identification:_identify(.) by extensions ['cmake', 'python']
[1.148s] Level 1:colcon.colcon_core.package_identification:_identify(.) by extension 'cmake'
[1.148s] Level 1:colcon.colcon_core.package_identification:_identify(.) by extension 'python'
[1.148s] Level 1:colcon.colcon_core.package_identification:_identify(.) by extensions ['python_setup_py']
[1.148s] Level 1:colcon.colcon_core.package_identification:_identify(.) by extension 'python_setup_py'
[1.148s] Level 1:colcon.colcon_core.package_identification:_identify(build) by extensions ['ignore', 'ignore_ament_install']
[1.148s] Level 1:colcon.colcon_core.package_identification:_identify(build) by extension 'ignore'
[1.148s] Level 1:colcon.colcon_core.package_identification:_identify(build) ignored
[1.148s] Level 1:colcon.colcon_core.package_identification:_identify(iii_drone_core) by extensions ['ignore', 'ignore_ament_install']
[1.148s] Level 1:colcon.colcon_core.package_identification:_identify(iii_drone_core) by extension 'ignore'
[1.148s] Level 1:colcon.colcon_core.package_identification:_identify(iii_drone_core) by extension 'ignore_ament_install'
[1.149s] Level 1:colcon.colcon_core.package_identification:_identify(iii_drone_core) by extensions ['colcon_pkg']
[1.149s] Level 1:colcon.colcon_core.package_identification:_identify(iii_drone_core) by extension 'colcon_pkg'
[1.149s] Level 1:colcon.colcon_core.package_identification:_identify(iii_drone_core) by extensions ['colcon_meta']
[1.149s] Level 1:colcon.colcon_core.package_identification:_identify(iii_drone_core) by extension 'colcon_meta'
[1.149s] Level 1:colcon.colcon_core.package_identification:_identify(iii_drone_core) by extensions ['ros']
[1.149s] Level 1:colcon.colcon_core.package_identification:_identify(iii_drone_core) by extension 'ros'
[1.149s] Level 1:colcon.colcon_core.package_identification:_identify(iii_drone_core) by extensions ['cmake', 'python']
[1.149s] Level 1:colcon.colcon_core.package_identification:_identify(iii_drone_core) by extension 'cmake'
[1.149s] Level 1:colcon.colcon_core.package_identification:_identify(iii_drone_core) by extension 'python'
[1.149s] Level 1:colcon.colcon_core.package_identification:_identify(iii_drone_core) by extensions ['python_setup_py']
[1.149s] Level 1:colcon.colcon_core.package_identification:_identify(iii_drone_core) by extension 'python_setup_py'
[1.149s] Level 1:colcon.colcon_core.package_identification:_identify(iii_drone_core/adapters) by extensions ['ignore', 'ignore_ament_install']
[1.149s] Level 1:colcon.colcon_core.package_identification:_identify(iii_drone_core/adapters) by extension 'ignore'
[1.149s] Level 1:colcon.colcon_core.package_identification:_identify(iii_drone_core/adapters) by extension 'ignore_ament_install'
[1.149s] Level 1:colcon.colcon_core.package_identification:_identify(iii_drone_core/adapters) by extensions ['colcon_pkg']
[1.149s] Level 1:colcon.colcon_core.package_identification:_identify(iii_drone_core/adapters) by extension 'colcon_pkg'
[1.149s] Level 1:colcon.colcon_core.package_identification:_identify(iii_drone_core/adapters) by extensions ['colcon_meta']
[1.149s] Level 1:colcon.colcon_core.package_identification:_identify(iii_drone_core/adapters) by extension 'colcon_meta'
[1.149s] Level 1:colcon.colcon_core.package_identification:_identify(iii_drone_core/adapters) by extensions ['ros']
[1.149s] Level 1:colcon.colcon_core.package_identification:_identify(iii_drone_core/adapters) by extension 'ros'
[1.149s] Level 1:colcon.colcon_core.package_identification:_identify(iii_drone_core/adapters) by extensions ['cmake', 'python']
[1.149s] Level 1:colcon.colcon_core.package_identification:_identify(iii_drone_core/adapters) by extension 'cmake'
[1.149s] Level 1:colcon.colcon_core.package_identification:_identify(iii_drone_core/adapters) by extension 'python'
[1.149s] Level 1:colcon.colcon_core.package_identification:_identify(iii_drone_core/adapters) by extensions ['python_setup_py']
[1.149s] Level 1:colcon.colcon_core.package_identification:_identify(iii_drone_core/adapters) by extension 'python_setup_py'
[1.149s] Level 1:colcon.colcon_core.package_identification:_identify(iii_drone_core/adapters/px4) by extensions ['ignore', 'ignore_ament_install']
[1.149s] Level 1:colcon.colcon_core.package_identification:_identify(iii_drone_core/adapters/px4) by extension 'ignore'
[1.150s] Level 1:colcon.colcon_core.package_identification:_identify(iii_drone_core/adapters/px4) by extension 'ignore_ament_install'
[1.150s] Level 1:colcon.colcon_core.package_identification:_identify(iii_drone_core/adapters/px4) by extensions ['colcon_pkg']
[1.150s] Level 1:colcon.colcon_core.package_identification:_identify(iii_drone_core/adapters/px4) by extension 'colcon_pkg'
[1.150s] Level 1:colcon.colcon_core.package_identification:_identify(iii_drone_core/adapters/px4) by extensions ['colcon_meta']
[1.150s] Level 1:colcon.colcon_core.package_identification:_identify(iii_drone_core/adapters/px4) by extension 'colcon_meta'
[1.150s] Level 1:colcon.colcon_core.package_identification:_identify(iii_drone_core/adapters/px4) by extensions ['ros']
[1.150s] Level 1:colcon.colcon_core.package_identification:_identify(iii_drone_core/adapters/px4) by extension 'ros'
[1.150s] Level 1:colcon.colcon_core.package_identification:_identify(iii_drone_core/adapters/px4) by extensions ['cmake', 'python']
[1.150s] Level 1:colcon.colcon_core.package_identification:_identify(iii_drone_core/adapters/px4) by extension 'cmake'
[1.150s] Level 1:colcon.colcon_core.package_identification:_identify(iii_drone_core/adapters/px4) by extension 'python'
[1.150s] Level 1:colcon.colcon_core.package_identification:_identify(iii_drone_core/adapters/px4) by extensions ['python_setup_py']
[1.150s] Level 1:colcon.colcon_core.package_identification:_identify(iii_drone_core/adapters/px4) by extension 'python_setup_py'
[1.150s] Level 1:colcon.colcon_core.package_identification:_identify(iii_drone_core/configuration) by extensions ['ignore', 'ignore_ament_install']
[1.150s] Level 1:colcon.colcon_core.package_identification:_identify(iii_drone_core/configuration) by extension 'ignore'
[1.150s] Level 1:colcon.colcon_core.package_identification:_identify(iii_drone_core/configuration) by extension 'ignore_ament_install'
[1.150s] Level 1:colcon.colcon_core.package_identification:_identify(iii_drone_core/configuration) by extensions ['colcon_pkg']
[1.150s] Level 1:colcon.colcon_core.package_identification:_identify(iii_drone_core/configuration) by extension 'colcon_pkg'
[1.150s] Level 1:colcon.colcon_core.package_identification:_identify(iii_drone_core/configuration) by extensions ['colcon_meta']
[1.150s] Level 1:colcon.colcon_core.package_identification:_identify(iii_drone_core/configuration) by extension 'colcon_meta'
[1.150s] Level 1:colcon.colcon_core.package_identification:_identify(iii_drone_core/configuration) by extensions ['ros']
[1.150s] Level 1:colcon.colcon_core.package_identification:_identify(iii_drone_core/configuration) by extension 'ros'
[1.150s] Level 1:colcon.colcon_core.package_identification:_identify(iii_drone_core/configuration) by extensions ['cmake', 'python']
[1.150s] Level 1:colcon.colcon_core.package_identification:_identify(iii_drone_core/configuration) by extension 'cmake'
[1.150s] Level 1:colcon.colcon_core.package_identification:_identify(iii_drone_core/configuration) by extension 'python'
[1.150s] Level 1:colcon.colcon_core.package_identification:_identify(iii_drone_core/configuration) by extensions ['python_setup_py']
[1.150s] Level 1:colcon.colcon_core.package_identification:_identify(iii_drone_core/configuration) by extension 'python_setup_py'
[1.150s] Level 1:colcon.colcon_core.package_identification:_identify(iii_drone_core/control) by extensions ['ignore', 'ignore_ament_install']
[1.151s] Level 1:colcon.colcon_core.package_identification:_identify(iii_drone_core/control) by extension 'ignore'
[1.151s] Level 1:colcon.colcon_core.package_identification:_identify(iii_drone_core/control) by extension 'ignore_ament_install'
[1.151s] Level 1:colcon.colcon_core.package_identification:_identify(iii_drone_core/control) by extensions ['colcon_pkg']
[1.151s] Level 1:colcon.colcon_core.package_identification:_identify(iii_drone_core/control) by extension 'colcon_pkg'
[1.151s] Level 1:colcon.colcon_core.package_identification:_identify(iii_drone_core/control) by extensions ['colcon_meta']
[1.151s] Level 1:colcon.colcon_core.package_identification:_identify(iii_drone_core/control) by extension 'colcon_meta'
[1.151s] Level 1:colcon.colcon_core.package_identification:_identify(iii_drone_core/control) by extensions ['ros']
[1.151s] Level 1:colcon.colcon_core.package_identification:_identify(iii_drone_core/control) by extension 'ros'
[1.151s] Level 1:colcon.colcon_core.package_identification:_identify(iii_drone_core/control) by extensions ['cmake', 'python']
[1.151s] Level 1:colcon.colcon_core.package_identification:_identify(iii_drone_core/control) by extension 'cmake'
[1.151s] Level 1:colcon.colcon_core.package_identification:_identify(iii_drone_core/control) by extension 'python'
[1.151s] Level 1:colcon.colcon_core.package_identification:_identify(iii_drone_core/control) by extensions ['python_setup_py']
[1.151s] Level 1:colcon.colcon_core.package_identification:_identify(iii_drone_core/control) by extension 'python_setup_py'
[1.151s] Level 1:colcon.colcon_core.package_identification:_identify(iii_drone_core/control/flight_controller_node) by extensions ['ignore', 'ignore_ament_install']
[1.151s] Level 1:colcon.colcon_core.package_identification:_identify(iii_drone_core/control/flight_controller_node) by extension 'ignore'
[1.151s] Level 1:colcon.colcon_core.package_identification:_identify(iii_drone_core/control/flight_controller_node) by extension 'ignore_ament_install'
[1.151s] Level 1:colcon.colcon_core.package_identification:_identify(iii_drone_core/control/flight_controller_node) by extensions ['colcon_pkg']
[1.151s] Level 1:colcon.colcon_core.package_identification:_identify(iii_drone_core/control/flight_controller_node) by extension 'colcon_pkg'
[1.151s] Level 1:colcon.colcon_core.package_identification:_identify(iii_drone_core/control/flight_controller_node) by extensions ['colcon_meta']
[1.151s] Level 1:colcon.colcon_core.package_identification:_identify(iii_drone_core/control/flight_controller_node) by extension 'colcon_meta'
[1.151s] Level 1:colcon.colcon_core.package_identification:_identify(iii_drone_core/control/flight_controller_node) by extensions ['ros']
[1.151s] Level 1:colcon.colcon_core.package_identification:_identify(iii_drone_core/control/flight_controller_node) by extension 'ros'
[1.151s] Level 1:colcon.colcon_core.package_identification:_identify(iii_drone_core/control/flight_controller_node) by extensions ['cmake', 'python']
[1.151s] Level 1:colcon.colcon_core.package_identification:_identify(iii_drone_core/control/flight_controller_node) by extension 'cmake'
[1.151s] Level 1:colcon.colcon_core.package_identification:_identify(iii_drone_core/control/flight_controller_node) by extension 'python'
[1.151s] Level 1:colcon.colcon_core.package_identification:_identify(iii_drone_core/control/flight_controller_node) by extensions ['python_setup_py']
[1.151s] Level 1:colcon.colcon_core.package_identification:_identify(iii_drone_core/control/flight_controller_node) by extension 'python_setup_py'
[1.152s] Level 1:colcon.colcon_core.package_identification:_identify(iii_drone_core/control/maneuver) by extensions ['ignore', 'ignore_ament_install']
[1.152s] Level 1:colcon.colcon_core.package_identification:_identify(iii_drone_core/control/maneuver) by extension 'ignore'
[1.152s] Level 1:colcon.colcon_core.package_identification:_identify(iii_drone_core/control/maneuver) by extension 'ignore_ament_install'
[1.152s] Level 1:colcon.colcon_core.package_identification:_identify(iii_drone_core/control/maneuver) by extensions ['colcon_pkg']
[1.152s] Level 1:colcon.colcon_core.package_identification:_identify(iii_drone_core/control/maneuver) by extension 'colcon_pkg'
[1.152s] Level 1:colcon.colcon_core.package_identification:_identify(iii_drone_core/control/maneuver) by extensions ['colcon_meta']
[1.152s] Level 1:colcon.colcon_core.package_identification:_identify(iii_drone_core/control/maneuver) by extension 'colcon_meta'
[1.152s] Level 1:colcon.colcon_core.package_identification:_identify(iii_drone_core/control/maneuver) by extensions ['ros']
[1.152s] Level 1:colcon.colcon_core.package_identification:_identify(iii_drone_core/control/maneuver) by extension 'ros'
[1.152s] Level 1:colcon.colcon_core.package_identification:_identify(iii_drone_core/control/maneuver) by extensions ['cmake', 'python']
[1.152s] Level 1:colcon.colcon_core.package_identification:_identify(iii_drone_core/control/maneuver) by extension 'cmake'
[1.152s] Level 1:colcon.colcon_core.package_identification:_identify(iii_drone_core/control/maneuver) by extension 'python'
[1.152s] Level 1:colcon.colcon_core.package_identification:_identify(iii_drone_core/control/maneuver) by extensions ['python_setup_py']
[1.152s] Level 1:colcon.colcon_core.package_identification:_identify(iii_drone_core/control/maneuver) by extension 'python_setup_py'
[1.152s] Level 1:colcon.colcon_core.package_identification:_identify(iii_drone_core/control/maneuver_controller_node) by extensions ['ignore', 'ignore_ament_install']
[1.152s] Level 1:colcon.colcon_core.package_identification:_identify(iii_drone_core/control/maneuver_controller_node) by extension 'ignore'
[1.152s] Level 1:colcon.colcon_core.package_identification:_identify(iii_drone_core/control/maneuver_controller_node) by extension 'ignore_ament_install'
[1.152s] Level 1:colcon.colcon_core.package_identification:_identify(iii_drone_core/control/maneuver_controller_node) by extensions ['colcon_pkg']
[1.152s] Level 1:colcon.colcon_core.package_identification:_identify(iii_drone_core/control/maneuver_controller_node) by extension 'colcon_pkg'
[1.152s] Level 1:colcon.colcon_core.package_identification:_identify(iii_drone_core/control/maneuver_controller_node) by extensions ['colcon_meta']
[1.152s] Level 1:colcon.colcon_core.package_identification:_identify(iii_drone_core/control/maneuver_controller_node) by extension 'colcon_meta'
[1.152s] Level 1:colcon.colcon_core.package_identification:_identify(iii_drone_core/control/maneuver_controller_node) by extensions ['ros']
[1.152s] Level 1:colcon.colcon_core.package_identification:_identify(iii_drone_core/control/maneuver_controller_node) by extension 'ros'
[1.152s] Level 1:colcon.colcon_core.package_identification:_identify(iii_drone_core/control/maneuver_controller_node) by extensions ['cmake', 'python']
[1.152s] Level 1:colcon.colcon_core.package_identification:_identify(iii_drone_core/control/maneuver_controller_node) by extension 'cmake'
[1.152s] Level 1:colcon.colcon_core.package_identification:_identify(iii_drone_core/control/maneuver_controller_node) by extension 'python'
[1.152s] Level 1:colcon.colcon_core.package_identification:_identify(iii_drone_core/control/maneuver_controller_node) by extensions ['python_setup_py']
[1.152s] Level 1:colcon.colcon_core.package_identification:_identify(iii_drone_core/control/maneuver_controller_node) by extension 'python_setup_py'
[1.153s] Level 1:colcon.colcon_core.package_identification:_identify(iii_drone_core/control/trajectory_generator_node) by extensions ['ignore', 'ignore_ament_install']
[1.153s] Level 1:colcon.colcon_core.package_identification:_identify(iii_drone_core/control/trajectory_generator_node) by extension 'ignore'
[1.153s] Level 1:colcon.colcon_core.package_identification:_identify(iii_drone_core/control/trajectory_generator_node) by extension 'ignore_ament_install'
[1.153s] Level 1:colcon.colcon_core.package_identification:_identify(iii_drone_core/control/trajectory_generator_node) by extensions ['colcon_pkg']
[1.153s] Level 1:colcon.colcon_core.package_identification:_identify(iii_drone_core/control/trajectory_generator_node) by extension 'colcon_pkg'
[1.153s] Level 1:colcon.colcon_core.package_identification:_identify(iii_drone_core/control/trajectory_generator_node) by extensions ['colcon_meta']
[1.153s] Level 1:colcon.colcon_core.package_identification:_identify(iii_drone_core/control/trajectory_generator_node) by extension 'colcon_meta'
[1.153s] Level 1:colcon.colcon_core.package_identification:_identify(iii_drone_core/control/trajectory_generator_node) by extensions ['ros']
[1.153s] Level 1:colcon.colcon_core.package_identification:_identify(iii_drone_core/control/trajectory_generator_node) by extension 'ros'
[1.153s] Level 1:colcon.colcon_core.package_identification:_identify(iii_drone_core/control/trajectory_generator_node) by extensions ['cmake', 'python']
[1.153s] Level 1:colcon.colcon_core.package_identification:_identify(iii_drone_core/control/trajectory_generator_node) by extension 'cmake'
[1.153s] Level 1:colcon.colcon_core.package_identification:_identify(iii_drone_core/control/trajectory_generator_node) by extension 'python'
[1.153s] Level 1:colcon.colcon_core.package_identification:_identify(iii_drone_core/control/trajectory_generator_node) by extensions ['python_setup_py']
[1.153s] Level 1:colcon.colcon_core.package_identification:_identify(iii_drone_core/control/trajectory_generator_node) by extension 'python_setup_py'
[1.153s] Level 1:colcon.colcon_core.package_identification:_identify(iii_drone_core/mission) by extensions ['ignore', 'ignore_ament_install']
[1.153s] Level 1:colcon.colcon_core.package_identification:_identify(iii_drone_core/mission) by extension 'ignore'
[1.153s] Level 1:colcon.colcon_core.package_identification:_identify(iii_drone_core/mission) by extension 'ignore_ament_install'
[1.153s] Level 1:colcon.colcon_core.package_identification:_identify(iii_drone_core/mission) by extensions ['colcon_pkg']
[1.153s] Level 1:colcon.colcon_core.package_identification:_identify(iii_drone_core/mission) by extension 'colcon_pkg'
[1.153s] Level 1:colcon.colcon_core.package_identification:_identify(iii_drone_core/mission) by extensions ['colcon_meta']
[1.153s] Level 1:colcon.colcon_core.package_identification:_identify(iii_drone_core/mission) by extension 'colcon_meta'
[1.153s] Level 1:colcon.colcon_core.package_identification:_identify(iii_drone_core/mission) by extensions ['ros']
[1.153s] Level 1:colcon.colcon_core.package_identification:_identify(iii_drone_core/mission) by extension 'ros'
[1.153s] Level 1:colcon.colcon_core.package_identification:_identify(iii_drone_core/mission) by extensions ['cmake', 'python']
[1.153s] Level 1:colcon.colcon_core.package_identification:_identify(iii_drone_core/mission) by extension 'cmake'
[1.153s] Level 1:colcon.colcon_core.package_identification:_identify(iii_drone_core/mission) by extension 'python'
[1.153s] Level 1:colcon.colcon_core.package_identification:_identify(iii_drone_core/mission) by extensions ['python_setup_py']
[1.153s] Level 1:colcon.colcon_core.package_identification:_identify(iii_drone_core/mission) by extension 'python_setup_py'
[1.154s] Level 1:colcon.colcon_core.package_identification:_identify(iii_drone_core/mission/continuous_mission_orchestrator_node) by extensions ['ignore', 'ignore_ament_install']
[1.154s] Level 1:colcon.colcon_core.package_identification:_identify(iii_drone_core/mission/continuous_mission_orchestrator_node) by extension 'ignore'
[1.154s] Level 1:colcon.colcon_core.package_identification:_identify(iii_drone_core/mission/continuous_mission_orchestrator_node) by extension 'ignore_ament_install'
[1.154s] Level 1:colcon.colcon_core.package_identification:_identify(iii_drone_core/mission/continuous_mission_orchestrator_node) by extensions ['colcon_pkg']
[1.154s] Level 1:colcon.colcon_core.package_identification:_identify(iii_drone_core/mission/continuous_mission_orchestrator_node) by extension 'colcon_pkg'
[1.154s] Level 1:colcon.colcon_core.package_identification:_identify(iii_drone_core/mission/continuous_mission_orchestrator_node) by extensions ['colcon_meta']
[1.154s] Level 1:colcon.colcon_core.package_identification:_identify(iii_drone_core/mission/continuous_mission_orchestrator_node) by extension 'colcon_meta'
[1.154s] Level 1:colcon.colcon_core.package_identification:_identify(iii_drone_core/mission/continuous_mission_orchestrator_node) by extensions ['ros']
[1.154s] Level 1:colcon.colcon_core.package_identification:_identify(iii_drone_core/mission/continuous_mission_orchestrator_node) by extension 'ros'
[1.154s] Level 1:colcon.colcon_core.package_identification:_identify(iii_drone_core/mission/continuous_mission_orchestrator_node) by extensions ['cmake', 'python']
[1.154s] Level 1:colcon.colcon_core.package_identification:_identify(iii_drone_core/mission/continuous_mission_orchestrator_node) by extension 'cmake'
[1.154s] Level 1:colcon.colcon_core.package_identification:_identify(iii_drone_core/mission/continuous_mission_orchestrator_node) by extension 'python'
[1.154s] Level 1:colcon.colcon_core.package_identification:_identify(iii_drone_core/mission/continuous_mission_orchestrator_node) by extensions ['python_setup_py']
[1.154s] Level 1:colcon.colcon_core.package_identification:_identify(iii_drone_core/mission/continuous_mission_orchestrator_node) by extension 'python_setup_py'
[1.154s] Level 1:colcon.colcon_core.package_identification:_identify(iii_drone_core/perception) by extensions ['ignore', 'ignore_ament_install']
[1.154s] Level 1:colcon.colcon_core.package_identification:_identify(iii_drone_core/perception) by extension 'ignore'
[1.154s] Level 1:colcon.colcon_core.package_identification:_identify(iii_drone_core/perception) by extension 'ignore_ament_install'
[1.154s] Level 1:colcon.colcon_core.package_identification:_identify(iii_drone_core/perception) by extensions ['colcon_pkg']
[1.154s] Level 1:colcon.colcon_core.package_identification:_identify(iii_drone_core/perception) by extension 'colcon_pkg'
[1.154s] Level 1:colcon.colcon_core.package_identification:_identify(iii_drone_core/perception) by extensions ['colcon_meta']
[1.154s] Level 1:colcon.colcon_core.package_identification:_identify(iii_drone_core/perception) by extension 'colcon_meta'
[1.154s] Level 1:colcon.colcon_core.package_identification:_identify(iii_drone_core/perception) by extensions ['ros']
[1.154s] Level 1:colcon.colcon_core.package_identification:_identify(iii_drone_core/perception) by extension 'ros'
[1.154s] Level 1:colcon.colcon_core.package_identification:_identify(iii_drone_core/perception) by extensions ['cmake', 'python']
[1.154s] Level 1:colcon.colcon_core.package_identification:_identify(iii_drone_core/perception) by extension 'cmake'
[1.154s] Level 1:colcon.colcon_core.package_identification:_identify(iii_drone_core/perception) by extension 'python'
[1.155s] Level 1:colcon.colcon_core.package_identification:_identify(iii_drone_core/perception) by extensions ['python_setup_py']
[1.155s] Level 1:colcon.colcon_core.package_identification:_identify(iii_drone_core/perception) by extension 'python_setup_py'
[1.155s] Level 1:colcon.colcon_core.package_identification:_identify(iii_drone_core/perception/hough_transformer_node) by extensions ['ignore', 'ignore_ament_install']
[1.155s] Level 1:colcon.colcon_core.package_identification:_identify(iii_drone_core/perception/hough_transformer_node) by extension 'ignore'
[1.155s] Level 1:colcon.colcon_core.package_identification:_identify(iii_drone_core/perception/hough_transformer_node) by extension 'ignore_ament_install'
[1.155s] Level 1:colcon.colcon_core.package_identification:_identify(iii_drone_core/perception/hough_transformer_node) by extensions ['colcon_pkg']
[1.155s] Level 1:colcon.colcon_core.package_identification:_identify(iii_drone_core/perception/hough_transformer_node) by extension 'colcon_pkg'
[1.155s] Level 1:colcon.colcon_core.package_identification:_identify(iii_drone_core/perception/hough_transformer_node) by extensions ['colcon_meta']
[1.155s] Level 1:colcon.colcon_core.package_identification:_identify(iii_drone_core/perception/hough_transformer_node) by extension 'colcon_meta'
[1.155s] Level 1:colcon.colcon_core.package_identification:_identify(iii_drone_core/perception/hough_transformer_node) by extensions ['ros']
[1.155s] Level 1:colcon.colcon_core.package_identification:_identify(iii_drone_core/perception/hough_transformer_node) by extension 'ros'
[1.155s] Level 1:colcon.colcon_core.package_identification:_identify(iii_drone_core/perception/hough_transformer_node) by extensions ['cmake', 'python']
[1.155s] Level 1:colcon.colcon_core.package_identification:_identify(iii_drone_core/perception/hough_transformer_node) by extension 'cmake'
[1.155s] Level 1:colcon.colcon_core.package_identification:_identify(iii_drone_core/perception/hough_transformer_node) by extension 'python'
[1.155s] Level 1:colcon.colcon_core.package_identification:_identify(iii_drone_core/perception/hough_transformer_node) by extensions ['python_setup_py']
[1.155s] Level 1:colcon.colcon_core.package_identification:_identify(iii_drone_core/perception/hough_transformer_node) by extension 'python_setup_py'
[1.155s] Level 1:colcon.colcon_core.package_identification:_identify(iii_drone_core/perception/pl_dir_computer_node) by extensions ['ignore', 'ignore_ament_install']
[1.155s] Level 1:colcon.colcon_core.package_identification:_identify(iii_drone_core/perception/pl_dir_computer_node) by extension 'ignore'
[1.155s] Level 1:colcon.colcon_core.package_identification:_identify(iii_drone_core/perception/pl_dir_computer_node) by extension 'ignore_ament_install'
[1.155s] Level 1:colcon.colcon_core.package_identification:_identify(iii_drone_core/perception/pl_dir_computer_node) by extensions ['colcon_pkg']
[1.155s] Level 1:colcon.colcon_core.package_identification:_identify(iii_drone_core/perception/pl_dir_computer_node) by extension 'colcon_pkg'
[1.155s] Level 1:colcon.colcon_core.package_identification:_identify(iii_drone_core/perception/pl_dir_computer_node) by extensions ['colcon_meta']
[1.155s] Level 1:colcon.colcon_core.package_identification:_identify(iii_drone_core/perception/pl_dir_computer_node) by extension 'colcon_meta'
[1.155s] Level 1:colcon.colcon_core.package_identification:_identify(iii_drone_core/perception/pl_dir_computer_node) by extensions ['ros']
[1.155s] Level 1:colcon.colcon_core.package_identification:_identify(iii_drone_core/perception/pl_dir_computer_node) by extension 'ros'
[1.155s] Level 1:colcon.colcon_core.package_identification:_identify(iii_drone_core/perception/pl_dir_computer_node) by extensions ['cmake', 'python']
[1.155s] Level 1:colcon.colcon_core.package_identification:_identify(iii_drone_core/perception/pl_dir_computer_node) by extension 'cmake'
[1.155s] Level 1:colcon.colcon_core.package_identification:_identify(iii_drone_core/perception/pl_dir_computer_node) by extension 'python'
[1.156s] Level 1:colcon.colcon_core.package_identification:_identify(iii_drone_core/perception/pl_dir_computer_node) by extensions ['python_setup_py']
[1.156s] Level 1:colcon.colcon_core.package_identification:_identify(iii_drone_core/perception/pl_dir_computer_node) by extension 'python_setup_py'
[1.156s] Level 1:colcon.colcon_core.package_identification:_identify(iii_drone_core/perception/pl_mapper_node) by extensions ['ignore', 'ignore_ament_install']
[1.156s] Level 1:colcon.colcon_core.package_identification:_identify(iii_drone_core/perception/pl_mapper_node) by extension 'ignore'
[1.156s] Level 1:colcon.colcon_core.package_identification:_identify(iii_drone_core/perception/pl_mapper_node) by extension 'ignore_ament_install'
[1.156s] Level 1:colcon.colcon_core.package_identification:_identify(iii_drone_core/perception/pl_mapper_node) by extensions ['colcon_pkg']
[1.156s] Level 1:colcon.colcon_core.package_identification:_identify(iii_drone_core/perception/pl_mapper_node) by extension 'colcon_pkg'
[1.156s] Level 1:colcon.colcon_core.package_identification:_identify(iii_drone_core/perception/pl_mapper_node) by extensions ['colcon_meta']
[1.156s] Level 1:colcon.colcon_core.package_identification:_identify(iii_drone_core/perception/pl_mapper_node) by extension 'colcon_meta'
[1.156s] Level 1:colcon.colcon_core.package_identification:_identify(iii_drone_core/perception/pl_mapper_node) by extensions ['ros']
[1.156s] Level 1:colcon.colcon_core.package_identification:_identify(iii_drone_core/perception/pl_mapper_node) by extension 'ros'
[1.156s] Level 1:colcon.colcon_core.package_identification:_identify(iii_drone_core/perception/pl_mapper_node) by extensions ['cmake', 'python']
[1.156s] Level 1:colcon.colcon_core.package_identification:_identify(iii_drone_core/perception/pl_mapper_node) by extension 'cmake'
[1.156s] Level 1:colcon.colcon_core.package_identification:_identify(iii_drone_core/perception/pl_mapper_node) by extension 'python'
[1.156s] Level 1:colcon.colcon_core.package_identification:_identify(iii_drone_core/perception/pl_mapper_node) by extensions ['python_setup_py']
[1.156s] Level 1:colcon.colcon_core.package_identification:_identify(iii_drone_core/perception/pl_mapper_node) by extension 'python_setup_py'
[1.156s] Level 1:colcon.colcon_core.package_identification:_identify(iii_drone_core/utils) by extensions ['ignore', 'ignore_ament_install']
[1.156s] Level 1:colcon.colcon_core.package_identification:_identify(iii_drone_core/utils) by extension 'ignore'
[1.156s] Level 1:colcon.colcon_core.package_identification:_identify(iii_drone_core/utils) by extension 'ignore_ament_install'
[1.156s] Level 1:colcon.colcon_core.package_identification:_identify(iii_drone_core/utils) by extensions ['colcon_pkg']
[1.156s] Level 1:colcon.colcon_core.package_identification:_identify(iii_drone_core/utils) by extension 'colcon_pkg'
[1.156s] Level 1:colcon.colcon_core.package_identification:_identify(iii_drone_core/utils) by extensions ['colcon_meta']
[1.156s] Level 1:colcon.colcon_core.package_identification:_identify(iii_drone_core/utils) by extension 'colcon_meta'
[1.156s] Level 1:colcon.colcon_core.package_identification:_identify(iii_drone_core/utils) by extensions ['ros']
[1.156s] Level 1:colcon.colcon_core.package_identification:_identify(iii_drone_core/utils) by extension 'ros'
[1.156s] Level 1:colcon.colcon_core.package_identification:_identify(iii_drone_core/utils) by extensions ['cmake', 'python']
[1.156s] Level 1:colcon.colcon_core.package_identification:_identify(iii_drone_core/utils) by extension 'cmake'
[1.156s] Level 1:colcon.colcon_core.package_identification:_identify(iii_drone_core/utils) by extension 'python'
[1.157s] Level 1:colcon.colcon_core.package_identification:_identify(iii_drone_core/utils) by extensions ['python_setup_py']
[1.157s] Level 1:colcon.colcon_core.package_identification:_identify(iii_drone_core/utils) by extension 'python_setup_py'
[1.157s] Level 1:colcon.colcon_core.package_identification:_identify(iii_drone_core/utils/drone_frame_broadcaster_node) by extensions ['ignore', 'ignore_ament_install']
[1.157s] Level 1:colcon.colcon_core.package_identification:_identify(iii_drone_core/utils/drone_frame_broadcaster_node) by extension 'ignore'
[1.157s] Level 1:colcon.colcon_core.package_identification:_identify(iii_drone_core/utils/drone_frame_broadcaster_node) by extension 'ignore_ament_install'
[1.157s] Level 1:colcon.colcon_core.package_identification:_identify(iii_drone_core/utils/drone_frame_broadcaster_node) by extensions ['colcon_pkg']
[1.157s] Level 1:colcon.colcon_core.package_identification:_identify(iii_drone_core/utils/drone_frame_broadcaster_node) by extension 'colcon_pkg'
[1.157s] Level 1:colcon.colcon_core.package_identification:_identify(iii_drone_core/utils/drone_frame_broadcaster_node) by extensions ['colcon_meta']
[1.157s] Level 1:colcon.colcon_core.package_identification:_identify(iii_drone_core/utils/drone_frame_broadcaster_node) by extension 'colcon_meta'
[1.157s] Level 1:colcon.colcon_core.package_identification:_identify(iii_drone_core/utils/drone_frame_broadcaster_node) by extensions ['ros']
[1.157s] Level 1:colcon.colcon_core.package_identification:_identify(iii_drone_core/utils/drone_frame_broadcaster_node) by extension 'ros'
[1.157s] Level 1:colcon.colcon_core.package_identification:_identify(iii_drone_core/utils/drone_frame_broadcaster_node) by extensions ['cmake', 'python']
[1.157s] Level 1:colcon.colcon_core.package_identification:_identify(iii_drone_core/utils/drone_frame_broadcaster_node) by extension 'cmake'
[1.157s] Level 1:colcon.colcon_core.package_identification:_identify(iii_drone_core/utils/drone_frame_broadcaster_node) by extension 'python'
[1.157s] Level 1:colcon.colcon_core.package_identification:_identify(iii_drone_core/utils/drone_frame_broadcaster_node) by extensions ['python_setup_py']
[1.157s] Level 1:colcon.colcon_core.package_identification:_identify(iii_drone_core/utils/drone_frame_broadcaster_node) by extension 'python_setup_py'
[1.157s] Level 1:colcon.colcon_core.package_identification:_identify(install) by extensions ['ignore', 'ignore_ament_install']
[1.157s] Level 1:colcon.colcon_core.package_identification:_identify(install) by extension 'ignore'
[1.157s] Level 1:colcon.colcon_core.package_identification:_identify(install) ignored
[1.157s] Level 1:colcon.colcon_core.package_identification:_identify(log) by extensions ['ignore', 'ignore_ament_install']
[1.157s] Level 1:colcon.colcon_core.package_identification:_identify(log) by extension 'ignore'
[1.157s] Level 1:colcon.colcon_core.package_identification:_identify(log) ignored
[1.157s] Level 1:colcon.colcon_core.package_discovery:discover_packages(recursive) using defaults
[1.157s] Level 1:colcon.colcon_core.package_discovery:discover_packages(ignore) discover
[1.157s] Level 1:colcon.colcon_core.package_discovery:discover_packages(ignore) using defaults
[1.157s] Level 1:colcon.colcon_core.package_discovery:discover_packages(path) discover
[1.157s] Level 1:colcon.colcon_core.package_discovery:discover_packages(path) using defaults
[1.171s] WARNING:colcon.colcon_core.package_selection:ignoring unknown package 'iii_drone_interfaces' in --packages-select
[1.236s] Level 1:colcon.colcon_core.package_discovery:discover_packages(prefix_path) check parameters
[1.236s] Level 1:colcon.colcon_core.package_discovery:discover_packages(prefix_path) discover
[1.263s] DEBUG:colcon.colcon_installed_package_information.package_discovery:Found 284 installed packages in /opt/ros/humble
[1.264s] Level 1:colcon.colcon_core.package_discovery:discover_packages(prefix_path) using defaults
[1.333s] INFO:colcon.colcon_core.executor:Executing jobs using 'parallel' executor
[1.347s] DEBUG:colcon.colcon_parallel_executor.executor.parallel:run_until_complete
[1.347s] DEBUG:colcon.colcon_parallel_executor.executor.parallel:closing loop
[1.347s] DEBUG:colcon.colcon_parallel_executor.executor.parallel:loop closed
[1.347s] DEBUG:colcon.colcon_parallel_executor.executor.parallel:run_until_complete finished with '0'
[1.347s] DEBUG:colcon.colcon_core.event_reactor:joining thread
[1.365s] INFO:colcon.colcon_core.plugin_system:Skipping extension 'colcon_notification.desktop_notification.terminal_notifier': Not used on non-Darwin systems
[1.365s] INFO:colcon.colcon_core.plugin_system:Skipping extension 'colcon_notification.desktop_notification.win32': Not used on non-Windows systems
[1.365s] INFO:colcon.colcon_notification.desktop_notification:Sending desktop notification using 'notify2'
[1.376s] DEBUG:colcon.colcon_core.event_reactor:joined thread
[1.390s] INFO:colcon.colcon_core.plugin_system:Skipping extension 'colcon_core.shell.bat': Not used on non-Windows systems
[1.390s] INFO:colcon.colcon_core.shell:Creating prefix script '/home/ffn/Workspace/ros2_humble_ws/src/III-Drone-Core/include/install/local_setup.ps1'
[1.391s] INFO:colcon.colcon_core.shell:Creating prefix util module '/home/ffn/Workspace/ros2_humble_ws/src/III-Drone-Core/include/install/_local_setup_util_ps1.py'
[1.392s] INFO:colcon.colcon_core.shell:Creating prefix chain script '/home/ffn/Workspace/ros2_humble_ws/src/III-Drone-Core/include/install/setup.ps1'
[1.406s] INFO:colcon.colcon_core.shell:Creating prefix script '/home/ffn/Workspace/ros2_humble_ws/src/III-Drone-Core/include/install/local_setup.sh'
[1.406s] INFO:colcon.colcon_core.shell:Creating prefix util module '/home/ffn/Workspace/ros2_humble_ws/src/III-Drone-Core/include/install/_local_setup_util_sh.py'
[1.406s] INFO:colcon.colcon_core.shell:Creating prefix chain script '/home/ffn/Workspace/ros2_humble_ws/src/III-Drone-Core/include/install/setup.sh'
[1.420s] INFO:colcon.colcon_core.shell:Creating prefix script '/home/ffn/Workspace/ros2_humble_ws/src/III-Drone-Core/include/install/local_setup.bash'
[1.420s] INFO:colcon.colcon_core.shell:Creating prefix chain script '/home/ffn/Workspace/ros2_humble_ws/src/III-Drone-Core/include/install/setup.bash'
[1.433s] INFO:colcon.colcon_core.shell:Creating prefix script '/home/ffn/Workspace/ros2_humble_ws/src/III-Drone-Core/include/install/local_setup.zsh'
[1.434s] INFO:colcon.colcon_core.shell:Creating prefix chain script '/home/ffn/Workspace/ros2_humble_ws/src/III-Drone-Core/include/install/setup.zsh'
